#
# There is insufficient memory for the Java Runtime Environment to continue.
# Native memory allocation (malloc) failed to allocate 1048576 bytes for AllocateHeap
# Possible reasons:
#   The system is out of physical RAM or swap space
#   In 32 bit mode, the process size limit was hit
# Possible solutions:
#   Reduce memory load on the system
#   Increase physical memory or swap space
#   Check if swap backing store is full
#   Use 64 bit Java on a 64 bit OS
#   Decrease Java heap size (-Xmx/-Xms)
#   Decrease number of Java threads
#   Decrease Java thread stack sizes (-Xss)
#   Set larger code cache with -XX:ReservedCodeCacheSize=
# This output file may be truncated or incomplete.
#
#  Out of Memory Error (memory/allocation.inline.hpp:61), pid=17152, tid=0x0000000000001920
#
# JRE version:  (8.0) (build )
# Java VM: OpenJDK 64-Bit Server VM (25.71-b00 mixed mode windows-amd64 compressed oops)
# Failed to write core dump. Minidumps are not enabled by default on client versions of Windows
#

---------------  T H R E A D  ---------------

Current thread (0x00000000029b2800):  JavaThread "Unknown thread" [_thread_in_vm, id=6432, stack(0x0000000002800000,0x0000000002900000)]

Stack: [0x0000000002800000,0x0000000002900000]
[error occurred during error reporting (printing stack bounds), id 0xc0000005]

Native frames: (J=compiled Java code, j=interpreted, Vv=VM code, C=native code)


---------------  P R O C E S S  ---------------

Java Threads: ( => current thread )

Other Threads:

=>0x00000000029b2800 (exited) JavaThread "Unknown thread" [_thread_in_vm, id=6432, stack(0x0000000002800000,0x0000000002900000)]

VM state:not at safepoint (normal execution)

VM Mutex/Monitor currently owned by a thread: None

Heap:
 PSYoungGen      total 37888K, used 655K [0x00000000d6380000, 0x00000000d8d80000, 0x0000000100000000)
  eden space 32768K, 2% used [0x00000000d6380000,0x00000000d6423d80,0x00000000d8380000)
  from space 5120K, 0% used [0x00000000d8880000,0x00000000d8880000,0x00000000d8d80000)
  to   space 5120K, 0% used [0x00000000d8380000,0x00000000d8380000,0x00000000d8880000)
 ParOldGen       total 86016K, used 0K [0x0000000082a00000, 0x0000000087e00000, 0x00000000d6380000)
  object space 86016K, 0% used [0x0000000082a00000,0x0000000082a00000,0x0000000087e00000)
 Metaspace       used 777K, capacity 4480K, committed 4480K, reserved 1056768K
  class space    used 74K, capacity 384K, committed 384K, reserved 1048576K

Card table byte_map: [0x0000000011f30000,0x0000000012320000] byte_map_base: 0x0000000011b1b000

Marking Bits: (ParMarkBitMap*) 0x0000000069b3be50
 Begin Bits: [0x0000000012dc0000, 0x0000000014d18000)
 End Bits:   [0x0000000014d18000, 0x0000000016c70000)

Polling page: 0x0000000000fd0000

CodeCache: size=245760Kb used=328Kb max_used=328Kb free=245431Kb
 bounds [0x0000000002b70000, 0x0000000002de0000, 0x0000000011b70000]
 total_blobs=57 nmethods=0 adapters=38
 compilation: enabled

Compilation events (0 events):
No events

GC Heap History (0 events):
No events

Deoptimization events (0 events):
No events

Classes redefined (0 events):
No events

Internal exceptions (0 events):
No events

Events (10 events):
Event: 0.010 loading class java/lang/Short
Event: 0.010 loading class java/lang/Short done
Event: 0.010 loading class java/lang/Integer
Event: 0.010 loading class java/lang/Integer done
Event: 0.010 loading class java/lang/Long
Event: 0.010 loading class java/lang/Long done
Event: 0.011 loading class java/lang/NullPointerException
Event: 0.011 loading class java/lang/NullPointerException done
Event: 0.011 loading class java/lang/ArithmeticException
Event: 0.011 loading class java/lang/ArithmeticException done


Dynamic libraries:
0x00007ff694630000 - 0x00007ff694665000 	C:\Program Files\Unity\Hub\Editor\2021.3.14f1\Editor\Data\PlaybackEngines\AndroidPlayer\OpenJDK\bin\java.exe
0x00007ffbe3c70000 - 0x00007ffbe3e65000 	C:\Windows\SYSTEM32\ntdll.dll
0x00007ffbe3410000 - 0x00007ffbe34ce000 	C:\Windows\System32\KERNEL32.DLL
0x00007ffbe1960000 - 0x00007ffbe1c29000 	C:\Windows\System32\KERNELBASE.dll
0x00007ffbe29d0000 - 0x00007ffbe2a7c000 	C:\Windows\System32\ADVAPI32.dll
0x00007ffbe1e80000 - 0x00007ffbe1f1e000 	C:\Windows\System32\msvcrt.dll
0x00007ffbe38a0000 - 0x00007ffbe393b000 	C:\Windows\System32\sechost.dll
0x00007ffbe39d0000 - 0x00007ffbe3afa000 	C:\Windows\System32\RPCRT4.dll
0x00007ffbe3250000 - 0x00007ffbe33f1000 	C:\Windows\System32\USER32.dll
0x00007ffbe14f0000 - 0x00007ffbe1512000 	C:\Windows\System32\win32u.dll
0x00007ffbe1d20000 - 0x00007ffbe1d4b000 	C:\Windows\System32\GDI32.dll
0x00007ffbe16d0000 - 0x00007ffbe17db000 	C:\Windows\System32\gdi32full.dll
0x00007ffbe1890000 - 0x00007ffbe192d000 	C:\Windows\System32\msvcp_win.dll
0x00007ffbe15d0000 - 0x00007ffbe16d0000 	C:\Windows\System32\ucrtbase.dll
0x00007ffbce4f0000 - 0x00007ffbce78a000 	C:\Windows\WinSxS\amd64_microsoft.windows.common-controls_6595b64144ccf1df_6.0.19041.1110_none_60b5254171f9507e\COMCTL32.dll
0x00007ffbe2a90000 - 0x00007ffbe2ac0000 	C:\Windows\System32\IMM32.DLL
0x000000006a3e0000 - 0x000000006a4b2000 	C:\Program Files\Unity\Hub\Editor\2021.3.14f1\Editor\Data\PlaybackEngines\AndroidPlayer\OpenJDK\jre\bin\msvcr100.dll
0x0000000069370000 - 0x0000000069bb9000 	C:\Program Files\Unity\Hub\Editor\2021.3.14f1\Editor\Data\PlaybackEngines\AndroidPlayer\OpenJDK\jre\bin\server\jvm.dll
0x00007ffbe1e70000 - 0x00007ffbe1e78000 	C:\Windows\System32\PSAPI.DLL
0x00007ffbca820000 - 0x00007ffbca847000 	C:\Windows\SYSTEM32\WINMM.dll
0x00007ffba2950000 - 0x00007ffba2959000 	C:\Windows\SYSTEM32\WSOCK32.dll
0x00007ffbda920000 - 0x00007ffbda92a000 	C:\Windows\SYSTEM32\VERSION.dll
0x00007ffbe34d0000 - 0x00007ffbe353b000 	C:\Windows\System32\WS2_32.dll
0x00007ffbdfb10000 - 0x00007ffbdfb1f000 	C:\Program Files\Unity\Hub\Editor\2021.3.14f1\Editor\Data\PlaybackEngines\AndroidPlayer\OpenJDK\jre\bin\verify.dll
0x00007ffbc1ff0000 - 0x00007ffbc2019000 	C:\Program Files\Unity\Hub\Editor\2021.3.14f1\Editor\Data\PlaybackEngines\AndroidPlayer\OpenJDK\jre\bin\java.dll
0x00007ffbc2400000 - 0x00007ffbc2416000 	C:\Program Files\Unity\Hub\Editor\2021.3.14f1\Editor\Data\PlaybackEngines\AndroidPlayer\OpenJDK\jre\bin\zip.dll

VM Arguments:
jvm_args: -Dfile.encoding=UTF-8 
java_command: <unknown>
java_class_path (initial): .
Launcher Type: SUN_STANDARD

Environment Variables:
JAVA_HOME=C:/Program Files/Unity/Hub/Editor/2021.3.14f1/Editor/Data/PlaybackEngines/AndroidPlayer\OpenJDK
JAVA_TOOL_OPTIONS=-Dfile.encoding=UTF-8
PATH=C:\Program Files (x86)\Common Files\Oracle\Java\javapath;C:\Program Files\Common Files\Oracle\Java\javapath;C:\Windows\system32;C:\Windows;C:\Windows\System32\Wbem;C:\Windows\System32\WindowsPowerShell\v1.0\;C:\Program Files\dotnet\;C:\Program Files (x86)\NVIDIA Corporation\PhysX\Common;C:\Program Files\NVIDIA Corporation\NVIDIA NvDLISR;C:\Program Files\Git\cmd;C:\Program Files\Git LFS;C:\Users\User\AppData\Local\Microsoft\WindowsApps;C:\Users\User\AppData\Local\Programs\Microsoft VS Code\bin;C:\Users\User\.dotnet\tools;C:\Users\User\AppData\Local\GitHubDesktop\bin
USERNAME=User
OS=Windows_NT
PROCESSOR_IDENTIFIER=Intel64 Family 6 Model 165 Stepping 2, GenuineIntel



---------------  S Y S T E M  ---------------

OS: Windows 10.0 , 64 bit Build 19041 (10.0.19041.1202)

CPU:total 8 (initial active 8) (4 cores per cpu, 2 threads per core) family 6 model 165 stepping 2, cmov, cx8, fxsr, mmx, sse, sse2, sse3, ssse3, sse4.1, sse4.2, popcnt, avx, avx2, aes, clmul, erms, 3dnowpref, lzcnt, ht, tsc, tscinvbit, bmi1, bmi2, adx

Memory: 4k page, physical 8215604k(506236k free), swap 20503604k(6128k free)

vm_info: OpenJDK 64-Bit Server VM (25.71-b00) for windows-amd64 JRE (1.8.0-adoptopenjdk-_2018_05_19_00_59-b00), built on May 19 2018 01:02:12 by "jenkins" with MS VC++ 10.0 (VS2010)

time: Mon May 08 10:15:37 2023
elapsed time: 0 seconds (0d 0h 0m 0s)

